2023-04-23 22:04:42.057 -02:30  INF  Application started. Press Ctrl+C to shut down.
2023-04-23 22:04:42.093 -02:30  INF  Request starting HTTP/2 GET https://localhost:44394/weatherforecast - -
2023-04-23 22:04:42.093 -02:30  INF  Request starting HTTP/2 GET https://localhost:44394/weatherforecast - -
2023-04-23 22:04:42.100 -02:30  INF  Hosting environment: Development
2023-04-23 22:04:42.101 -02:30  INF  Content root path: C:\Users\Arif\Documents\Stansall\ProgrammersLibrary\SimpleApiExcercise\SimpleApiExcercise\
2023-04-23 22:04:42.174 -02:30  INF  Executing endpoint 'SimpleApiExcercise.Controllers.WeatherForecastController.Get (SimpleApiExcercise)'
2023-04-23 22:04:42.174 -02:30  INF  Executing endpoint 'SimpleApiExcercise.Controllers.WeatherForecastController.Get (SimpleApiExcercise)'
2023-04-23 22:04:42.236 -02:30  INF  Route matched with {action = "Get", controller = "WeatherForecast"}. Executing controller action with signature System.Collections.Generic.IEnumerable`1[SimpleApiExcercise.WeatherForecast] Get() on controller SimpleApiExcercise.Controllers.WeatherForecastController (SimpleApiExcercise).
2023-04-23 22:04:42.236 -02:30  INF  Route matched with {action = "Get", controller = "WeatherForecast"}. Executing controller action with signature System.Collections.Generic.IEnumerable`1[SimpleApiExcercise.WeatherForecast] Get() on controller SimpleApiExcercise.Controllers.WeatherForecastController (SimpleApiExcercise).
2023-04-23 22:04:42.237 -02:30  INF  Weather Forecast executing...
2023-04-23 22:04:42.237 -02:30  INF  Weather Forecast executing...
2023-04-23 22:04:42.245 -02:30  INF  Executing ObjectResult, writing value of type 'SimpleApiExcercise.WeatherForecast[]'.
2023-04-23 22:04:42.245 -02:30  INF  Executing ObjectResult, writing value of type 'SimpleApiExcercise.WeatherForecast[]'.
2023-04-23 22:04:42.381 -02:30  INF  Executed action SimpleApiExcercise.Controllers.WeatherForecastController.Get (SimpleApiExcercise) in 140.5004ms
2023-04-23 22:04:42.383 -02:30  INF  Executed endpoint 'SimpleApiExcercise.Controllers.WeatherForecastController.Get (SimpleApiExcercise)'
2023-04-23 22:04:42.387 -02:30  INF  Executed action SimpleApiExcercise.Controllers.WeatherForecastController.Get (SimpleApiExcercise) in 151.2092ms
2023-04-23 22:04:42.387 -02:30  INF  Executed endpoint 'SimpleApiExcercise.Controllers.WeatherForecastController.Get (SimpleApiExcercise)'
2023-04-23 22:04:42.408 -02:30  INF  Request finished HTTP/2 GET https://localhost:44394/weatherforecast - - - 200 - application/json;+charset=utf-8 318.9963ms
2023-04-23 22:04:42.408 -02:30  INF  Request finished HTTP/2 GET https://localhost:44394/weatherforecast - - - 0 - application/json;+charset=utf-8 319.2630ms
2023-04-23 23:28:14.723 -02:30  INF  Application started. Press Ctrl+C to shut down.
2023-04-23 23:28:14.758 -02:30  INF  Request starting HTTP/2 GET https://localhost:44394/weatherforecast - -
2023-04-23 23:28:14.767 -02:30  INF  Hosting environment: Development
2023-04-23 23:28:14.768 -02:30  INF  Content root path: C:\Users\Arif\Documents\Stansall\ProgrammersLibrary\SimpleApiExcercise\SimpleApiExcercise\
2023-04-23 23:28:14.861 -02:30  INF  Request finished HTTP/2 GET https://localhost:44394/weatherforecast - - - 404 - - 106.5344ms
2023-04-23 23:28:14.988 -02:30  INF  Request starting HTTP/2 GET https://localhost:44394/favicon.ico - -
2023-04-23 23:28:14.988 -02:30  INF  Request finished HTTP/2 GET https://localhost:44394/favicon.ico - - - 404 - - 0.7782ms
2023-04-23 23:28:24.259 -02:30  INF  Request starting HTTP/2 GET https://localhost:44394/weatherforecast - -
2023-04-23 23:28:24.260 -02:30  INF  Request finished HTTP/2 GET https://localhost:44394/weatherforecast - - - 404 - - 1.3948ms
2023-04-23 23:28:42.877 -02:30  INF  Request starting HTTP/2 GET https://localhost:44394/api/getCustomers - -
2023-04-23 23:28:42.879 -02:30  INF  Request finished HTTP/2 GET https://localhost:44394/api/getCustomers - - - 404 - - 1.2355ms
2023-04-23 23:28:54.267 -02:30  INF  Request starting HTTP/2 GET https://localhost:44394/api/getCustomers - -
2023-04-23 23:28:54.268 -02:30  INF  Request finished HTTP/2 GET https://localhost:44394/api/getCustomers - - - 404 - - 0.9128ms
2023-04-23 23:30:26.586 -02:30  INF  Application started. Press Ctrl+C to shut down.
2023-04-23 23:30:26.620 -02:30  INF  Request starting HTTP/2 GET https://localhost:44394/weatherforecast - -
2023-04-23 23:30:26.634 -02:30  INF  Hosting environment: Development
2023-04-23 23:30:26.635 -02:30  INF  Content root path: C:\Users\Arif\Documents\Stansall\ProgrammersLibrary\SimpleApiExcercise\SimpleApiExcercise\
2023-04-23 23:30:26.724 -02:30  INF  Request finished HTTP/2 GET https://localhost:44394/weatherforecast - - - 404 - - 106.8458ms
2023-04-23 23:30:36.529 -02:30  INF  Request starting HTTP/2 GET https://localhost:44394/weatherforecast - -
2023-04-23 23:30:36.530 -02:30  INF  Request finished HTTP/2 GET https://localhost:44394/weatherforecast - - - 404 - - 1.1699ms
2023-04-23 23:32:48.668 -02:30  INF  Application started. Press Ctrl+C to shut down.
2023-04-23 23:32:48.685 -02:30  INF  Request starting HTTP/2 GET https://localhost:44394/simpleapi - -
2023-04-23 23:32:48.699 -02:30  INF  Hosting environment: Development
2023-04-23 23:32:48.699 -02:30  INF  Content root path: C:\Users\Arif\Documents\Stansall\ProgrammersLibrary\SimpleApiExcercise\SimpleApiExcercise\
2023-04-23 23:32:48.794 -02:30  INF  Request finished HTTP/2 GET https://localhost:44394/simpleapi - - - 404 - - 112.1462ms
2023-04-23 23:33:58.657 -02:30  INF  Application started. Press Ctrl+C to shut down.
2023-04-23 23:33:58.677 -02:30  INF  Request starting HTTP/2 GET https://localhost:44394/simpleapi - -
2023-04-23 23:33:58.696 -02:30  INF  Hosting environment: Development
2023-04-23 23:33:58.697 -02:30  INF  Content root path: C:\Users\Arif\Documents\Stansall\ProgrammersLibrary\SimpleApiExcercise\SimpleApiExcercise\
2023-04-23 23:33:58.794 -02:30  INF  Request finished HTTP/2 GET https://localhost:44394/simpleapi - - - 404 - - 119.8555ms
2023-04-23 23:34:14.025 -02:30  INF  Request starting HTTP/2 GET https://localhost:44394/api/customer/getcustomers - -
2023-04-23 23:34:14.033 -02:30  INF  Executing endpoint 'SimpleApiExcercise.Controllers.CustomerController.Get (SimpleApiExcercise)'
2023-04-23 23:34:14.101 -02:30  INF  Route matched with {action = "Get", controller = "Customer"}. Executing controller action with signature System.Threading.Tasks.Task`1[Microsoft.AspNetCore.Mvc.ActionResult`1[System.Collections.Generic.List`1[SimpleApiExcercise.Repositories.DAL.Models.Customer]]] Get() on controller SimpleApiExcercise.Controllers.CustomerController (SimpleApiExcercise).
2023-04-23 23:34:14.113 -02:30  INF  Executed action SimpleApiExcercise.Controllers.CustomerController.Get (SimpleApiExcercise) in 6.9022ms
2023-04-23 23:34:14.117 -02:30  INF  Executed endpoint 'SimpleApiExcercise.Controllers.CustomerController.Get (SimpleApiExcercise)'
2023-04-23 23:34:14.121 -02:30  ERR  An unhandled exception has occurred while executing the request.System.InvalidOperationException: Unable to resolve service for type 'SimpleApiExcercise.Services.ICustomerService' while attempting to activate 'SimpleApiExcercise.Controllers.CustomerController'.
   at Microsoft.Extensions.DependencyInjection.ActivatorUtilities.GetService(IServiceProvider sp, Type type, Type requiredBy, Boolean isDefaultParameterRequired)
   at lambda_method8(Closure , IServiceProvider , Object[] )
   at Microsoft.AspNetCore.Mvc.Controllers.ControllerActivatorProvider.<>c__DisplayClass7_0.<CreateActivator>b__0(ControllerContext controllerContext)
   at Microsoft.AspNetCore.Mvc.Controllers.ControllerFactoryProvider.<>c__DisplayClass6_0.<CreateControllerFactory>g__CreateController|0(ControllerContext controllerContext)
   at Microsoft.AspNetCore.Mvc.Infrastructure.ControllerActionInvoker.Next(State& next, Scope& scope, Object& state, Boolean& isCompleted)
   at Microsoft.AspNetCore.Mvc.Infrastructure.ControllerActionInvoker.InvokeInnerFilterAsync()
--- End of stack trace from previous location ---
   at Microsoft.AspNetCore.Mvc.Infrastructure.ResourceInvoker.<InvokeFilterPipelineAsync>g__Awaited|20_0(ResourceInvoker invoker, Task lastTask, State next, Scope scope, Object state, Boolean isCompleted)
   at Microsoft.AspNetCore.Mvc.Infrastructure.ResourceInvoker.<InvokeAsync>g__Logged|17_1(ResourceInvoker invoker)
   at Microsoft.AspNetCore.Mvc.Infrastructure.ResourceInvoker.<InvokeAsync>g__Logged|17_1(ResourceInvoker invoker)
   at Microsoft.AspNetCore.Routing.EndpointMiddleware.<Invoke>g__AwaitRequestTask|6_0(Endpoint endpoint, Task requestTask, ILogger logger)
   at Microsoft.AspNetCore.Authorization.AuthorizationMiddleware.Invoke(HttpContext context)
   at Microsoft.AspNetCore.Diagnostics.DeveloperExceptionPageMiddleware.Invoke(HttpContext context)

2023-04-23 23:34:15.278 -02:30  INF  Request finished HTTP/2 GET https://localhost:44394/api/customer/getcustomers - - - 500 - text/html;+charset=utf-8 1253.2465ms
2023-04-23 23:34:15.324 -02:30  INF  Request starting HTTP/2 GET https://localhost:44394/_vs/browserLink - -
2023-04-23 23:34:15.324 -02:30  INF  Request starting HTTP/2 GET https://localhost:44394/_framework/aspnetcore-browser-refresh.js - -
2023-04-23 23:34:15.343 -02:30  INF  Request finished HTTP/2 GET https://localhost:44394/_framework/aspnetcore-browser-refresh.js - - - 200 12006 application/javascript;+charset=utf-8 12.6595ms
2023-04-23 23:34:16.117 -02:30  INF  Request finished HTTP/2 GET https://localhost:44394/_vs/browserLink - - - 200 - text/javascript;+charset=UTF-8 792.2683ms
2023-04-23 23:37:18.580 -02:30  INF  Application started. Press Ctrl+C to shut down.
2023-04-23 23:37:18.599 -02:30  INF  Request starting HTTP/2 GET https://localhost:44394/simpleapi - -
2023-04-23 23:37:18.613 -02:30  INF  Hosting environment: Development
2023-04-23 23:37:18.615 -02:30  INF  Content root path: C:\Users\Arif\Documents\Stansall\ProgrammersLibrary\SimpleApiExcercise\SimpleApiExcercise\
2023-04-23 23:37:18.702 -02:30  INF  Request finished HTTP/2 GET https://localhost:44394/simpleapi - - - 404 - - 106.3807ms
2023-04-23 23:37:36.449 -02:30  INF  Request starting HTTP/2 GET https://localhost:44394/simpleapi/customer/getcustomers - -
2023-04-23 23:37:36.451 -02:30  INF  Request finished HTTP/2 GET https://localhost:44394/simpleapi/customer/getcustomers - - - 404 - - 1.5545ms
2023-04-23 23:37:42.571 -02:30  INF  Request starting HTTP/2 GET https://localhost:44394/api/customer/getcustomers - -
2023-04-23 23:37:42.579 -02:30  INF  Executing endpoint 'SimpleApiExcercise.Controllers.CustomerController.Get (SimpleApiExcercise)'
2023-04-23 23:37:42.624 -02:30  INF  Route matched with {action = "Get", controller = "Customer"}. Executing controller action with signature System.Threading.Tasks.Task`1[Microsoft.AspNetCore.Mvc.ActionResult`1[System.Collections.Generic.List`1[SimpleApiExcercise.Repositories.DAL.Models.Customer]]] Get() on controller SimpleApiExcercise.Controllers.CustomerController (SimpleApiExcercise).
2023-04-23 23:41:04.182 -02:30  INF  Application started. Press Ctrl+C to shut down.
2023-04-23 23:41:04.224 -02:30  INF  Hosting environment: Development
2023-04-23 23:41:04.225 -02:30  INF  Content root path: C:\Users\Arif\Documents\Stansall\ProgrammersLibrary\SimpleApiExcercise\SimpleApiExcercise\
2023-04-23 23:41:04.218 -02:30  INF  Request starting HTTP/2 GET https://localhost:44394/simpleapi - -
2023-04-23 23:41:04.312 -02:30  INF  Request finished HTTP/2 GET https://localhost:44394/simpleapi - - - 404 - - 94.0935ms
2023-04-23 23:41:26.055 -02:30  INF  Request starting HTTP/2 GET https://localhost:44394/api/customer/getcustoemrs - -
2023-04-23 23:41:26.057 -02:30  INF  Request finished HTTP/2 GET https://localhost:44394/api/customer/getcustoemrs - - - 404 - - 4.7421ms
2023-04-23 23:41:40.471 -02:30  INF  Request starting HTTP/2 GET https://localhost:44394/api/customer/getcustomers - -
2023-04-23 23:41:40.482 -02:30  INF  Executing endpoint 'SimpleApiExcercise.Controllers.CustomerController.Get (SimpleApiExcercise)'
2023-04-23 23:41:40.557 -02:30  INF  Route matched with {action = "Get", controller = "Customer"}. Executing controller action with signature System.Threading.Tasks.Task`1[Microsoft.AspNetCore.Mvc.ActionResult`1[System.Collections.Generic.List`1[SimpleApiExcercise.Repositories.DAL.Models.Customer]]] Get() on controller SimpleApiExcercise.Controllers.CustomerController (SimpleApiExcercise).
2023-04-23 23:41:41.381 -02:30  INF  Service call executing :: GetAllCustomers
2023-04-23 23:41:42.147 -02:30  INF  Entity Framework Core 6.0.16 initialized 'apiexcerciseContext' using provider 'MySql.EntityFrameworkCore:6.0.13+MySQL8.0.33' with options: None
2023-04-23 23:41:43.589 -02:30  INF  Executed DbCommand (25ms) [Parameters=[], CommandType='"Text"', CommandTimeout='30']
SELECT `c`.`customer_id`, `c`.`customer_name`
FROM `customers` AS `c`
2023-04-23 23:41:43.684 -02:30  INF  Executing ObjectResult, writing value of type 'System.Collections.Generic.List`1[[SimpleApiExcercise.Repositories.DAL.Models.Customer, SimpleApiExcercise, Version=1.0.0.0, Culture=neutral, PublicKeyToken=null]]'.
2023-04-23 23:41:43.827 -02:30  INF  Executed action SimpleApiExcercise.Controllers.CustomerController.Get (SimpleApiExcercise) in 3264.2398ms
2023-04-23 23:41:43.829 -02:30  INF  Executed endpoint 'SimpleApiExcercise.Controllers.CustomerController.Get (SimpleApiExcercise)'
2023-04-23 23:41:43.844 -02:30  INF  Request finished HTTP/2 GET https://localhost:44394/api/customer/getcustomers - - - 200 - application/json;+charset=utf-8 3372.5057ms
